<?xml version="1.0" encoding="UTF-8"?>
<testng-results ignored="0" total="1" passed="1" failed="0" skipped="0">
  <reporter-output>
  </reporter-output>
  <suite started-at="2021-11-13T17:55:53Z" name="Default suite" finished-at="2021-11-13T17:56:24Z" duration-ms="30865">
    <groups>
    </groups>
    <test started-at="2021-11-13T17:55:53Z" name="Default test" finished-at="2021-11-13T17:56:24Z" duration-ms="30865">
      <class name="com.automation.testcases.LoginTestCRM">
        <test-method is-config="true" signature="setUpSuite()[pri:0, instance:com.automation.testcases.LoginTestCRM@4c60d6e9]" started-at="2021-11-13T17:55:52Z" name="setUpSuite" finished-at="2021-11-13T17:55:53Z" duration-ms="546" status="PASS">
          <reporter-output>
          </reporter-output>
        </test-method> <!-- setUpSuite -->
        <test-method is-config="true" signature="setup()[pri:0, instance:com.automation.testcases.LoginTestCRM@4c60d6e9]" started-at="2021-11-13T17:55:53Z" name="setup" finished-at="2021-11-13T17:55:59Z" duration-ms="5851" status="PASS">
          <reporter-output>
          </reporter-output>
        </test-method> <!-- setup -->
        <test-method signature="loginApp()[pri:0, instance:com.automation.testcases.LoginTestCRM@4c60d6e9]" started-at="2021-11-13T17:55:59Z" name="loginApp" finished-at="2021-11-13T17:56:24Z" duration-ms="24844" status="PASS">
          <reporter-output>
          </reporter-output>
        </test-method> <!-- loginApp -->
        <test-method is-config="true" signature="teardown()[pri:0, instance:com.automation.testcases.LoginTestCRM@4c60d6e9]" started-at="2021-11-13T17:56:24Z" name="teardown" finished-at="2021-11-13T17:56:24Z" duration-ms="153" status="PASS">
          <reporter-output>
          </reporter-output>
        </test-method> <!-- teardown -->
      </class> <!-- com.automation.testcases.LoginTestCRM -->
    </test> <!-- Default test -->
  </suite> <!-- Default suite -->
</testng-results>
