<?xml version="1.0" encoding="UTF-8"?>
<testng-results ignored="0" total="1" passed="1" failed="0" skipped="0">
  <reporter-output>
    <line>
      <![CDATA[Starting the setup Suite]]>
    </line>
    <line>
      <![CDATA[Data Setup done]]>
    </line>
    <line>
      <![CDATA[application launched ]]>
    </line>
    <line>
      <![CDATA[Test passed]]>
    </line>
    <line>
      <![CDATA[Browser closed]]>
    </line>
  </reporter-output>
  <suite started-at="2021-11-15T06:34:52Z" name="Default suite" finished-at="2021-11-15T06:35:20Z" duration-ms="27977">
    <groups>
    </groups>
    <test started-at="2021-11-15T06:34:52Z" name="Default test" finished-at="2021-11-15T06:35:20Z" duration-ms="27977">
      <class name="com.automation.testcases.LoginTestCRM">
        <test-method is-config="true" signature="setUpSuite()[pri:0, instance:com.automation.testcases.LoginTestCRM@4b29d1d2]" started-at="2021-11-15T06:34:51Z" name="setUpSuite" finished-at="2021-11-15T06:34:52Z" duration-ms="1210" status="PASS">
          <reporter-output>
            <line>
              <![CDATA[Starting the setup Suite]]>
            </line>
            <line>
              <![CDATA[Data Setup done]]>
            </line>
          </reporter-output>
        </test-method> <!-- setUpSuite -->
        <test-method is-config="true" signature="setup()[pri:0, instance:com.automation.testcases.LoginTestCRM@4b29d1d2]" started-at="2021-11-15T06:34:52Z" name="setup" finished-at="2021-11-15T06:34:59Z" duration-ms="6534" status="PASS">
          <reporter-output>
            <line>
              <![CDATA[application launched ]]>
            </line>
          </reporter-output>
        </test-method> <!-- setup -->
        <test-method signature="loginApp()[pri:0, instance:com.automation.testcases.LoginTestCRM@4b29d1d2]" started-at="2021-11-15T06:34:59Z" name="loginApp" finished-at="2021-11-15T06:35:20Z" duration-ms="20609" status="PASS">
          <reporter-output>
          </reporter-output>
        </test-method> <!-- loginApp -->
        <test-method is-config="true" signature="tearDownMethod(org.testng.ITestResult)[pri:0, instance:com.automation.testcases.LoginTestCRM@4b29d1d2]" started-at="2021-11-15T06:35:20Z" name="tearDownMethod" finished-at="2021-11-15T06:35:20Z" duration-ms="626" status="PASS">
          <params>
            <param index="0">
              <value>
                <![CDATA[[TestResult name=loginApp status=SUCCESS method=LoginTestCRM.loginApp()[pri:0, instance:com.automation.testcases.LoginTestCRM@4b29d1d2] output={null}]]]>
              </value>
            </param>
          </params>
          <reporter-output>
            <line>
              <![CDATA[Test passed]]>
            </line>
          </reporter-output>
        </test-method> <!-- tearDownMethod -->
        <test-method is-config="true" signature="teardown()[pri:0, instance:com.automation.testcases.LoginTestCRM@4b29d1d2]" started-at="2021-11-15T06:35:20Z" name="teardown" finished-at="2021-11-15T06:35:20Z" duration-ms="185" status="PASS">
          <reporter-output>
            <line>
              <![CDATA[Browser closed]]>
            </line>
          </reporter-output>
        </test-method> <!-- teardown -->
      </class> <!-- com.automation.testcases.LoginTestCRM -->
    </test> <!-- Default test -->
  </suite> <!-- Default suite -->
</testng-results>
